#TYPE System.Diagnostics.Eventing.Reader.EventLogRecord
"Message","Id","Version","Qualifiers","Level","Task","Opcode","Keywords","RecordId","ProviderName","ProviderId","LogName","ProcessId","ThreadId","MachineName","UserId","TimeCreated","ActivityId","RelatedActivityId","ContainerLog","MatchedQueryIds","Bookmark","LevelDisplayName","OpcodeDisplayName","TaskDisplayName","KeywordsDisplayNames","Properties"
"Exe: C:\Program Files (x86)\GeoGebra 5.0\GeoGebra.exe

ResolverName: DetectorShim_Win32Exception","17","0",,"4","0","0","4611686018427387904","29","Microsoft-Windows-Program-Compatibility-Assistant","4cb314df-c11f-47d7-9c04-65fb0051561b","Microsoft-Windows-Application-Experience/Program-Compatibility-Assistant","496","1168","LAB-109-029.esamcuberlandia.com.br","S-1-5-18","11/08/2017 21:05:02",,,"c:\users\rafae\desktop\log_win_10\logs1\microsoft-windows-application-experience%4program-compatibility-assistant.evtx","System.UInt32[]","System.Diagnostics.Eventing.Reader.EventBookmark","Informa??es","Informa??es",,"System.Collections.ObjectModel.ReadOnlyCollection`1[System.String]","System.Collections.Generic.List`1[System.Diagnostics.Eventing.Reader.EventProperty]"
"Exe: C:\Program Files (x86)\CodeBlocks\codeblocks.exe

ResolverName: CrashOnLaunch","17","0",,"4","0","0","4611686018427387904","28","Microsoft-Windows-Program-Compatibility-Assistant","4cb314df-c11f-47d7-9c04-65fb0051561b","Microsoft-Windows-Application-Experience/Program-Compatibility-Assistant","508","5412","LAB-109-029.esamcuberlandia.com.br","S-1-5-18","28/04/2017 08:17:53",,,"c:\users\rafae\desktop\log_win_10\logs1\microsoft-windows-application-experience%4program-compatibility-assistant.evtx","System.UInt32[]","System.Diagnostics.Eventing.Reader.EventBookmark","Informa??es","Informa??es",,"System.Collections.ObjectModel.ReadOnlyCollection`1[System.String]","System.Collections.Generic.List`1[System.Diagnostics.Eventing.Reader.EventProperty]"
"Exe: C:\HP 50G\Emu48.exe

ResolverName: DetectorShim_PrivilegeCheck","17","0",,"4","0","0","4611686018427387904","27","Microsoft-Windows-Program-Compatibility-Assistant","4cb314df-c11f-47d7-9c04-65fb0051561b","Microsoft-Windows-Application-Experience/Program-Compatibility-Assistant","508","5848","LAB-109-029.esamcuberlandia.com.br","S-1-5-18","27/04/2017 21:06:26",,,"c:\users\rafae\desktop\log_win_10\logs1\microsoft-windows-application-experience%4program-compatibility-assistant.evtx","System.UInt32[]","System.Diagnostics.Eventing.Reader.EventBookmark","Informa??es","Informa??es",,"System.Collections.ObjectModel.ReadOnlyCollection`1[System.String]","System.Collections.Generic.List`1[System.Diagnostics.Eventing.Reader.EventProperty]"
"Exe: C:\HP 50G\Emu48.exe

ResolverName: DetectorShim_AccessDenied","17","0",,"4","0","0","4611686018427387904","26","Microsoft-Windows-Program-Compatibility-Assistant","4cb314df-c11f-47d7-9c04-65fb0051561b","Microsoft-Windows-Application-Experience/Program-Compatibility-Assistant","508","5848","LAB-109-029.esamcuberlandia.com.br","S-1-5-18","27/04/2017 21:06:23",,,"c:\users\rafae\desktop\log_win_10\logs1\microsoft-windows-application-experience%4program-compatibility-assistant.evtx","System.UInt32[]","System.Diagnostics.Eventing.Reader.EventBookmark","Informa??es","Informa??es",,"System.Collections.ObjectModel.ReadOnlyCollection`1[System.String]","System.Collections.Generic.List`1[System.Diagnostics.Eventing.Reader.EventProperty]"
"Exe: C:\Program Files\Autodesk\AutoCAD 2016\acad.exe

ResolverName: UnhandledException","17","0",,"4","0","0","4611686018427387904","25","Microsoft-Windows-Program-Compatibility-Assistant","4cb314df-c11f-47d7-9c04-65fb0051561b","Microsoft-Windows-Application-Experience/Program-Compatibility-Assistant","844","9268","LAB-109-029.esamcuberlandia.com.br","S-1-5-18","11/04/2017 09:36:14",,,"c:\users\rafae\desktop\log_win_10\logs1\microsoft-windows-application-experience%4program-compatibility-assistant.evtx","System.UInt32[]","System.Diagnostics.Eventing.Reader.EventBookmark","Informa??es","Informa??es",,"System.Collections.ObjectModel.ReadOnlyCollection`1[System.String]","System.Collections.Generic.List`1[System.Diagnostics.Eventing.Reader.EventProperty]"
"Exe: C:\Program Files\Autodesk\AutoCAD 2016\acad.exe

ResolverName: UnhandledException","17","0",,"4","0","0","4611686018427387904","24","Microsoft-Windows-Program-Compatibility-Assistant","4cb314df-c11f-47d7-9c04-65fb0051561b","Microsoft-Windows-Application-Experience/Program-Compatibility-Assistant","844","2672","LAB-109-029.esamcuberlandia.com.br","S-1-5-18","11/04/2017 09:36:14",,,"c:\users\rafae\desktop\log_win_10\logs1\microsoft-windows-application-experience%4program-compatibility-assistant.evtx","System.UInt32[]","System.Diagnostics.Eventing.Reader.EventBookmark","Informa??es","Informa??es",,"System.Collections.ObjectModel.ReadOnlyCollection`1[System.String]","System.Collections.Generic.List`1[System.Diagnostics.Eventing.Reader.EventProperty]"
"Exe: C:\Program Files (x86)\CodeBlocks\codeblocks.exe

ResolverName: CrashOnLaunch","17","0",,"4","0","0","4611686018427387904","23","Microsoft-Windows-Program-Compatibility-Assistant","4cb314df-c11f-47d7-9c04-65fb0051561b","Microsoft-Windows-Application-Experience/Program-Compatibility-Assistant","968","1172","LAB-109-029.esamcuberlandia.com.br","S-1-5-18","16/03/2017 22:01:03",,,"c:\users\rafae\desktop\log_win_10\logs1\microsoft-windows-application-experience%4program-compatibility-assistant.evtx","System.UInt32[]","System.Diagnostics.Eventing.Reader.EventBookmark","Informa??es","Informa??es",,"System.Collections.ObjectModel.ReadOnlyCollection`1[System.String]","System.Collections.Generic.List`1[System.Diagnostics.Eventing.Reader.EventProperty]"
"Exe: C:\Program Files (x86)\CodeBlocks\codeblocks.exe

ResolverName: CrashOnLaunch","17","0",,"4","0","0","4611686018427387904","22","Microsoft-Windows-Program-Compatibility-Assistant","4cb314df-c11f-47d7-9c04-65fb0051561b","Microsoft-Windows-Application-Experience/Program-Compatibility-Assistant","324","1096","LAB-109-029.esamcuberlandia.com.br","S-1-5-18","09/03/2017 21:55:54",,,"c:\users\rafae\desktop\log_win_10\logs1\microsoft-windows-application-experience%4program-compatibility-assistant.evtx","System.UInt32[]","System.Diagnostics.Eventing.Reader.EventBookmark","Informa??es","Informa??es",,"System.Collections.ObjectModel.ReadOnlyCollection`1[System.String]","System.Collections.Generic.List`1[System.Diagnostics.Eventing.Reader.EventProperty]"
"Exe: C:\Program Files (x86)\CodeBlocks\codeblocks.exe

ResolverName: CrashOnLaunch","17","0",,"4","0","0","4611686018427387904","21","Microsoft-Windows-Program-Compatibility-Assistant","4cb314df-c11f-47d7-9c04-65fb0051561b","Microsoft-Windows-Application-Experience/Program-Compatibility-Assistant","536","8228","LAB-109-029.esamcuberlandia.com.br","S-1-5-18","28/09/2016 21:37:46",,,"c:\users\rafae\desktop\log_win_10\logs1\microsoft-windows-application-experience%4program-compatibility-assistant.evtx","System.UInt32[]","System.Diagnostics.Eventing.Reader.EventBookmark","Informa??es","Informa??es",,"System.Collections.ObjectModel.ReadOnlyCollection`1[System.String]","System.Collections.Generic.List`1[System.Diagnostics.Eventing.Reader.EventProperty]"
"Exe: C:\Program Files (x86)\CodeBlocks\codeblocks.exe

ResolverName: CrashOnLaunch","17","0",,"4","0","0","4611686018427387904","20","Microsoft-Windows-Program-Compatibility-Assistant","4cb314df-c11f-47d7-9c04-65fb0051561b","Microsoft-Windows-Application-Experience/Program-Compatibility-Assistant","1092","7028","LAB-109-029.esamcuberlandia.com.br","S-1-5-18","01/04/2016 19:28:32",,,"c:\users\rafae\desktop\log_win_10\logs1\microsoft-windows-application-experience%4program-compatibility-assistant.evtx","System.UInt32[]","System.Diagnostics.Eventing.Reader.EventBookmark","Informa??es","Informa??es",,"System.Collections.ObjectModel.ReadOnlyCollection`1[System.String]","System.Collections.Generic.List`1[System.Diagnostics.Eventing.Reader.EventProperty]"
"Exe: C:\Program Files (x86)\NVIDIA Corporation\NVIDIA GeForce Experience\LaunchGFExperience.exe

ResolverName: DetectorShim_Win32Exception","17","0",,"4","0","0","4611686018427387904","19","Microsoft-Windows-Program-Compatibility-Assistant","4cb314df-c11f-47d7-9c04-65fb0051561b","Microsoft-Windows-Application-Experience/Program-Compatibility-Assistant","1040","3848","LAB-109-031.esamcuberlandia.com.br","S-1-5-18","28/01/2016 18:18:40",,,"c:\users\rafae\desktop\log_win_10\logs1\microsoft-windows-application-experience%4program-compatibility-assistant.evtx","System.UInt32[]","System.Diagnostics.Eventing.Reader.EventBookmark","Informa??es","Informa??es",,"System.Collections.ObjectModel.ReadOnlyCollection`1[System.String]","System.Collections.Generic.List`1[System.Diagnostics.Eventing.Reader.EventProperty]"
"Exe: C:\Users\adilson.silva\Downloads\361.43-desktop-win10-64bit-international-whql.exe

ResolverName: DetectorShim_Win32Exception","17","0",,"4","0","0","4611686018427387904","18","Microsoft-Windows-Program-Compatibility-Assistant","4cb314df-c11f-47d7-9c04-65fb0051561b","Microsoft-Windows-Application-Experience/Program-Compatibility-Assistant","1072","4536","LAB-109-031.esamcuberlandia.com.br","S-1-5-18","18/01/2016 15:03:19",,,"c:\users\rafae\desktop\log_win_10\logs1\microsoft-windows-application-experience%4program-compatibility-assistant.evtx","System.UInt32[]","System.Diagnostics.Eventing.Reader.EventBookmark","Informa??es","Informa??es",,"System.Collections.ObjectModel.ReadOnlyCollection`1[System.String]","System.Collections.Generic.List`1[System.Diagnostics.Eventing.Reader.EventProperty]"
"Exe: D:\Comp\Programas para formata??o\Office e Visio 2013\Microsoft Office 2013\setup.exe

ResolverName: WrpKeyMitigation","17","0",,"4","0","0","4611686018427387904","17","Microsoft-Windows-Program-Compatibility-Assistant","4cb314df-c11f-47d7-9c04-65fb0051561b","Microsoft-Windows-Application-Experience/Program-Compatibility-Assistant","80","5440","LAB-109-031.esamcuberlandia.com.br","S-1-5-18","15/01/2016 19:40:29",,,"c:\users\rafae\desktop\log_win_10\logs1\microsoft-windows-application-experience%4program-compatibility-assistant.evtx","System.UInt32[]","System.Diagnostics.Eventing.Reader.EventBookmark","Informa??es","Informa??es",,"System.Collections.ObjectModel.ReadOnlyCollection`1[System.String]","System.Collections.Generic.List`1[System.Diagnostics.Eventing.Reader.EventProperty]"
"Exe: D:\Comp\Programas para formata??o\Office e Visio 2013\Microsoft Office 2013\setup.exe

ResolverName: WrpKeyMitigation","17","0",,"4","0","0","4611686018427387904","16","Microsoft-Windows-Program-Compatibility-Assistant","4cb314df-c11f-47d7-9c04-65fb0051561b","Microsoft-Windows-Application-Experience/Program-Compatibility-Assistant","80","2968","LAB-109-031.esamcuberlandia.com.br","S-1-5-18","15/01/2016 19:39:26",,,"c:\users\rafae\desktop\log_win_10\logs1\microsoft-windows-application-experience%4program-compatibility-assistant.evtx","System.UInt32[]","System.Diagnostics.Eventing.Reader.EventBookmark","Informa??es","Informa??es",,"System.Collections.ObjectModel.ReadOnlyCollection`1[System.String]","System.Collections.Generic.List`1[System.Diagnostics.Eventing.Reader.EventProperty]"
"Exe: D:\Comp\Programas para formata??o\K-Lite Codec Pack.exe

ResolverName: WrpKeyMitigation","17","0",,"4","0","0","4611686018427387904","15","Microsoft-Windows-Program-Compatibility-Assistant","4cb314df-c11f-47d7-9c04-65fb0051561b","Microsoft-Windows-Application-Experience/Program-Compatibility-Assistant","80","2364","LAB-109-031.esamcuberlandia.com.br","S-1-5-18","15/01/2016 19:39:09",,,"c:\users\rafae\desktop\log_win_10\logs1\microsoft-windows-application-experience%4program-compatibility-assistant.evtx","System.UInt32[]","System.Diagnostics.Eventing.Reader.EventBookmark","Informa??es","Informa??es",,"System.Collections.ObjectModel.ReadOnlyCollection`1[System.String]","System.Collections.Generic.List`1[System.Diagnostics.Eventing.Reader.EventProperty]"
"Exe: D:\Instaladores LAB 109\SR2SFT01_4_5_0\autorun.exe

ResolverName: DetectorShim_Win32Exception","17","0",,"4","0","0","4611686018427387904","14","Microsoft-Windows-Program-Compatibility-Assistant","4cb314df-c11f-47d7-9c04-65fb0051561b","Microsoft-Windows-Application-Experience/Program-Compatibility-Assistant","80","6020","LAB-109-031.esamcuberlandia.com.br","S-1-5-18","15/01/2016 19:33:00",,,"c:\users\rafae\desktop\log_win_10\logs1\microsoft-windows-application-experience%4program-compatibility-assistant.evtx","System.UInt32[]","System.Diagnostics.Eventing.Reader.EventBookmark","Informa??es","Informa??es",,"System.Collections.ObjectModel.ReadOnlyCollection`1[System.String]","System.Collections.Generic.List`1[System.Diagnostics.Eventing.Reader.EventProperty]"
"Exe: D:\Instaladores LAB 109\SR2SFT01_4_5_0\autorun.exe

ResolverName: DetectorShim_AccessDenied","17","0",,"4","0","0","4611686018427387904","13","Microsoft-Windows-Program-Compatibility-Assistant","4cb314df-c11f-47d7-9c04-65fb0051561b","Microsoft-Windows-Application-Experience/Program-Compatibility-Assistant","80","2128","LAB-109-031.esamcuberlandia.com.br","S-1-5-18","15/01/2016 19:32:54",,,"c:\users\rafae\desktop\log_win_10\logs1\microsoft-windows-application-experience%4program-compatibility-assistant.evtx","System.UInt32[]","System.Diagnostics.Eventing.Reader.EventBookmark","Informa??es","Informa??es",,"System.Collections.ObjectModel.ReadOnlyCollection`1[System.String]","System.Collections.Generic.List`1[System.Diagnostics.Eventing.Reader.EventProperty]"
"Exe: D:\Instaladores LAB 109\SR2SFT01_4_5_0\autorun.exe

ResolverName: DetectorShim_PrivilegeCheck","17","0",,"4","0","0","4611686018427387904","12","Microsoft-Windows-Program-Compatibility-Assistant","4cb314df-c11f-47d7-9c04-65fb0051561b","Microsoft-Windows-Application-Experience/Program-Compatibility-Assistant","80","2128","LAB-109-031.esamcuberlandia.com.br","S-1-5-18","15/01/2016 19:32:50",,,"c:\users\rafae\desktop\log_win_10\logs1\microsoft-windows-application-experience%4program-compatibility-assistant.evtx","System.UInt32[]","System.Diagnostics.Eventing.Reader.EventBookmark","Informa??es","Informa??es",,"System.Collections.ObjectModel.ReadOnlyCollection`1[System.String]","System.Collections.Generic.List`1[System.Diagnostics.Eventing.Reader.EventProperty]"
"Exe: D:\Instaladores LAB 109\X-Codec-Pack-2.7.4.exe

ResolverName: DetectorShim_ShortRunTime","17","0",,"4","0","0","4611686018427387904","11","Microsoft-Windows-Program-Compatibility-Assistant","4cb314df-c11f-47d7-9c04-65fb0051561b","Microsoft-Windows-Application-Experience/Program-Compatibility-Assistant","80","6024","LAB-109-031.esamcuberlandia.com.br","S-1-5-18","15/01/2016 19:31:36",,,"c:\users\rafae\desktop\log_win_10\logs1\microsoft-windows-application-experience%4program-compatibility-assistant.evtx","System.UInt32[]","System.Diagnostics.Eventing.Reader.EventBookmark","Informa??es","Informa??es",,"System.Collections.ObjectModel.ReadOnlyCollection`1[System.String]","System.Collections.Generic.List`1[System.Diagnostics.Eventing.Reader.EventProperty]"
"Exe: D:\Instaladores LAB 109\scilab-5.5.2_x64.exe

ResolverName: DetectorShim_MessageBoxErrorIcon","17","0",,"4","0","0","4611686018427387904","10","Microsoft-Windows-Program-Compatibility-Assistant","4cb314df-c11f-47d7-9c04-65fb0051561b","Microsoft-Windows-Application-Experience/Program-Compatibility-Assistant","80","2128","LAB-109-031.esamcuberlandia.com.br","S-1-5-18","15/01/2016 19:30:12",,,"c:\users\rafae\desktop\log_win_10\logs1\microsoft-windows-application-experience%4program-compatibility-assistant.evtx","System.UInt32[]","System.Diagnostics.Eventing.Reader.EventBookmark","Informa??es","Informa??es",,"System.Collections.ObjectModel.ReadOnlyCollection`1[System.String]","System.Collections.Generic.List`1[System.Diagnostics.Eventing.Reader.EventProperty]"
"Exe: D:\Instaladores LAB 109\scilab-5.5.2_x64.exe

ResolverName: DetectorShim_ShortRunTime","17","0",,"4","0","0","4611686018427387904","9","Microsoft-Windows-Program-Compatibility-Assistant","4cb314df-c11f-47d7-9c04-65fb0051561b","Microsoft-Windows-Application-Experience/Program-Compatibility-Assistant","80","2316","LAB-109-031.esamcuberlandia.com.br","S-1-5-18","15/01/2016 19:30:12",,,"c:\users\rafae\desktop\log_win_10\logs1\microsoft-windows-application-experience%4program-compatibility-assistant.evtx","System.UInt32[]","System.Diagnostics.Eventing.Reader.EventBookmark","Informa??es","Informa??es",,"System.Collections.ObjectModel.ReadOnlyCollection`1[System.String]","System.Collections.Generic.List`1[System.Diagnostics.Eventing.Reader.EventProperty]"
"Exe: D:\Instaladores LAB 109\wrar521br.exe

ResolverName: DetectorShim_ShortRunTime","17","0",,"4","0","0","4611686018427387904","8","Microsoft-Windows-Program-Compatibility-Assistant","4cb314df-c11f-47d7-9c04-65fb0051561b","Microsoft-Windows-Application-Experience/Program-Compatibility-Assistant","80","2364","LAB-109-031.esamcuberlandia.com.br","S-1-5-18","15/01/2016 19:30:08",,,"c:\users\rafae\desktop\log_win_10\logs1\microsoft-windows-application-experience%4program-compatibility-assistant.evtx","System.UInt32[]","System.Diagnostics.Eventing.Reader.EventBookmark","Informa??es","Informa??es",,"System.Collections.ObjectModel.ReadOnlyCollection`1[System.String]","System.Collections.Generic.List`1[System.Diagnostics.Eventing.Reader.EventProperty]"
"Exe: D:\Instaladores LAB 109\wrar521br.exe

ResolverName: DetectorShim_MessageBoxVersion","17","0",,"4","0","0","4611686018427387904","7","Microsoft-Windows-Program-Compatibility-Assistant","4cb314df-c11f-47d7-9c04-65fb0051561b","Microsoft-Windows-Application-Experience/Program-Compatibility-Assistant","80","2128","LAB-109-031.esamcuberlandia.com.br","S-1-5-18","15/01/2016 19:30:08",,,"c:\users\rafae\desktop\log_win_10\logs1\microsoft-windows-application-experience%4program-compatibility-assistant.evtx","System.UInt32[]","System.Diagnostics.Eventing.Reader.EventBookmark","Informa??es","Informa??es",,"System.Collections.ObjectModel.ReadOnlyCollection`1[System.String]","System.Collections.Generic.List`1[System.Diagnostics.Eventing.Reader.EventProperty]"
"Exe: D:\Instaladores LAB 109\instalar_sac_free.exe

ResolverName: DetectorShim_MessageBoxErrorIcon","17","0",,"4","0","0","4611686018427387904","6","Microsoft-Windows-Program-Compatibility-Assistant","4cb314df-c11f-47d7-9c04-65fb0051561b","Microsoft-Windows-Application-Experience/Program-Compatibility-Assistant","80","1212","LAB-109-031.esamcuberlandia.com.br","S-1-5-18","15/01/2016 19:29:49",,,"c:\users\rafae\desktop\log_win_10\logs1\microsoft-windows-application-experience%4program-compatibility-assistant.evtx","System.UInt32[]","System.Diagnostics.Eventing.Reader.EventBookmark","Informa??es","Informa??es",,"System.Collections.ObjectModel.ReadOnlyCollection`1[System.String]","System.Collections.Generic.List`1[System.Diagnostics.Eventing.Reader.EventProperty]"
"Exe: C:\Users\adilson.silva\Downloads\RTL8111B_RTL8111E_RTL8111C_RTL8111EL_RTL8111DL-W7_W2K8R2\Install_Win7_7046_07202011\setup.exe

ResolverName: DetectorShim_MessageBoxErrorIcon","17","0",,"4","0","0","4611686018427387904","5","Microsoft-Windows-Program-Compatibility-Assistant","4cb314df-c11f-47d7-9c04-65fb0051561b","Microsoft-Windows-Application-Experience/Program-Compatibility-Assistant","384","5776","LAB-109-031.esamcuberlandia.com.br","S-1-5-18","15/01/2016 17:47:31",,,"c:\users\rafae\desktop\log_win_10\logs1\microsoft-windows-application-experience%4program-compatibility-assistant.evtx","System.UInt32[]","System.Diagnostics.Eventing.Reader.EventBookmark","Informa??es","Informa??es",,"System.Collections.ObjectModel.ReadOnlyCollection`1[System.String]","System.Collections.Generic.List`1[System.Diagnostics.Eventing.Reader.EventProperty]"
"Exe: C:\Users\adilson.silva\Downloads\RealtekHD_Vista-7.exe

ResolverName: DetectorShim_Win32Exception","17","0",,"4","0","0","4611686018427387904","4","Microsoft-Windows-Program-Compatibility-Assistant","4cb314df-c11f-47d7-9c04-65fb0051561b","Microsoft-Windows-Application-Experience/Program-Compatibility-Assistant","384","3216","LAB-109-031.esamcuberlandia.com.br","S-1-5-18","15/01/2016 17:47:08",,,"c:\users\rafae\desktop\log_win_10\logs1\microsoft-windows-application-experience%4program-compatibility-assistant.evtx","System.UInt32[]","System.Diagnostics.Eventing.Reader.EventBookmark","Informa??es","Informa??es",,"System.Collections.ObjectModel.ReadOnlyCollection`1[System.String]","System.Collections.Generic.List`1[System.Diagnostics.Eventing.Reader.EventProperty]"
"Exe: C:\Users\adilson.silva\Downloads\RTL8111B_RTL8111E_RTL8111C_RTL8111EL_RTL8111DL-W7_W2K8R2\Install_Win7_7046_07202011\setup.exe

ResolverName: DetectorShim_Win32Exception","17","0",,"4","0","0","4611686018427387904","3","Microsoft-Windows-Program-Compatibility-Assistant","4cb314df-c11f-47d7-9c04-65fb0051561b","Microsoft-Windows-Application-Experience/Program-Compatibility-Assistant","384","3216","LAB-109-031.esamcuberlandia.com.br","S-1-5-18","15/01/2016 17:46:32",,,"c:\users\rafae\desktop\log_win_10\logs1\microsoft-windows-application-experience%4program-compatibility-assistant.evtx","System.UInt32[]","System.Diagnostics.Eventing.Reader.EventBookmark","Informa??es","Informa??es",,"System.Collections.ObjectModel.ReadOnlyCollection`1[System.String]","System.Collections.Generic.List`1[System.Diagnostics.Eventing.Reader.EventProperty]"
"Exe: C:\Users\adilson.silva\Downloads\chipset_6,5,4,3,900_2K-7_(32-64).exe

ResolverName: DetectorShim_Win32Exception","17","0",,"4","0","0","4611686018427387904","2","Microsoft-Windows-Program-Compatibility-Assistant","4cb314df-c11f-47d7-9c04-65fb0051561b","Microsoft-Windows-Application-Experience/Program-Compatibility-Assistant","384","3216","LAB-109-031.esamcuberlandia.com.br","S-1-5-18","15/01/2016 17:45:27",,,"c:\users\rafae\desktop\log_win_10\logs1\microsoft-windows-application-experience%4program-compatibility-assistant.evtx","System.UInt32[]","System.Diagnostics.Eventing.Reader.EventBookmark","Informa??es","Informa??es",,"System.Collections.ObjectModel.ReadOnlyCollection`1[System.String]","System.Collections.Generic.List`1[System.Diagnostics.Eventing.Reader.EventProperty]"
"Exe: C:\Program Files\uvnc bvba\UltraVNC\unins000.exe

ResolverName: DetectorShim_ShortRunTime","17","0",,"4","0","0","4611686018427387904","1","Microsoft-Windows-Program-Compatibility-Assistant","4cb314df-c11f-47d7-9c04-65fb0051561b","Microsoft-Windows-Application-Experience/Program-Compatibility-Assistant","288","2208","LAB-109-031.esamcuberlandia.com.br","S-1-5-18","15/01/2016 17:11:31",,,"c:\users\rafae\desktop\log_win_10\logs1\microsoft-windows-application-experience%4program-compatibility-assistant.evtx","System.UInt32[]","System.Diagnostics.Eventing.Reader.EventBookmark","Informa??es","Informa??es",,"System.Collections.ObjectModel.ReadOnlyCollection`1[System.String]","System.Collections.Generic.List`1[System.Diagnostics.Eventing.Reader.EventProperty]"
